Arguments: 
  /usr/local/bin/node /usr/local/Cellar/yarn/1.22.10/libexec/bin/yarn.js

PATH: 
  /Users/yiangosstroppos/.local/bin:/usr/local/bin:/usr/bin:/bin:/usr/sbin:/sbin:/usr/local/go/bin:/Library/Frameworks/Python.framework/Versions/3.6/bin:/Users/yiangosstroppos/Library/Android/sdk/tools:/Users/yiangosstroppos/Library/Android/sdk/tools/bin:/Users/yiangosstroppos/Library/Android/sdk/platform-tools:/Users/yiangosstroppos/bin:/Users/yiangosstroppos/.npm:/Users/yiangosstroppos/.npm-packages/bin

Yarn version: 
  1.22.10

Node version: 
  12.18.2

Platform: 
  darwin x64

Trace: 
  Error: https://npm.pkg.github.com/@quinaryio%2freact-native-doc-viewer: npm package "react-native-doc-viewer" does not exist under owner "quinaryio"
      at Request.params.callback [as _callback] (/usr/local/Cellar/yarn/1.22.10/libexec/lib/cli.js:66988:18)
      at Request.self.callback (/usr/local/Cellar/yarn/1.22.10/libexec/lib/cli.js:140749:22)
      at Request.emit (events.js:315:20)
      at Request.<anonymous> (/usr/local/Cellar/yarn/1.22.10/libexec/lib/cli.js:141721:10)
      at Request.emit (events.js:315:20)
      at IncomingMessage.<anonymous> (/usr/local/Cellar/yarn/1.22.10/libexec/lib/cli.js:141643:12)
      at Object.onceWrapper (events.js:421:28)
      at IncomingMessage.emit (events.js:327:22)
      at endReadableNT (_stream_readable.js:1221:12)
      at processTicksAndRejections (internal/process/task_queues.js:84:21)

npm manifest: 
  {
    "name": "marlowCrewCompanion",
    "version": "1.3.1",
    "private": true,
    "scripts": {
      "start": "node node_modules/react-native/local-cli/cli.js start",
      "start:ios": "yarn rnuc .env.staging && react-native run-ios",
      "start:ios:prod": "yarn rnuc .env.production && react-native run-ios",
      "start:android": "yarn rnuc .env.staging && react-native run-android",
      "start:android:prod": "yarn rnuc .env.production && react-native run-android",
      "pod:install": "yarn pod-install ios",
      "build:ios": "yarn rnuc .env && react-native bundle --minify --entry-file index.js --bundle-output ios/main.jsbundle --assets-dest ios/assets --dev false --platform ios",
      "build:android": "yarn rnuc .env && react-native bundle --minify --entry-file index.js --bundle-output android/app/src/main/assets/index.android.bundle --assets-dest android/app/src/main/res --dev false --platform android",
      "clean:android": "cd android && ./gradlew clean && cd ..",
      "release:android:staging": "cd android && yarn rnuc .env.staging && ./gradlew assembleBetaStagingrelease && cd ..",
      "release:android:prod": "cd android && yarn rnuc .env.production && ./gradlew assembleProdRelease && cd ..",
      "test": "jest --runInBand --forceExit --detectOpenHandles && jest-coverage-badges",
      "test:update": "jest -u",
      "test:sonar": "jest --runInBand --forceExit --detectOpenHandles && jest-coverage-badges && node analyse.js",
      "test:ci": "cross-env CI=true jest --runInBand --forceExit --detectOpenHandles && jest-coverage-badges",
      "prettify": "node_modules/.bin/prettier --config /.prettierrc --write \"**/*.ts*\" --write \"**/*.js\" --write \"**/*.json\"",
      "tsc": "tsc --p ./tsconfig.json",
      "lint": "eslint --config .eslintrc.js --ext .ts --ext .tsx --ext .js .",
      "test-compile": "yarn lint && yarn tsc && yarn test && node ./analyze.js",
      "postinstall": "yarn jetify"
    },
    "resolutions": {
      "@expo/react-native-action-sheet": "3.6.0"
    },
    "dependencies": {
      "@aws-amplify/api": "^3.2.5",
      "@aws-amplify/pushnotification": "^3.2.5",
      "@quinaryio/react-native-doc-viewer": "^1.0.0",
      "@quinaryio/react-native-obfuscating-transformer": "^1.0.0",
      "@react-native-community/async-storage": "^1.11.0",
      "@react-native-community/datetimepicker": "^2.6.0",
      "@react-native-community/masked-view": "^0.1.10",
      "@react-native-community/netinfo": "^5.9.4",
      "@react-native-community/picker": "^1.6.5",
      "@react-native-community/progress-bar-android": "^1.0.3",
      "@react-native-community/progress-view": "^1.1.0",
      "@react-native-community/push-notification-ios": "^1.3.0",
      "@react-native-community/toolbar-android": "^0.1.0-rc.2",
      "@react-navigation/bottom-tabs": "^5.10.0",
      "@react-navigation/core": "^5.13.2",
      "@react-navigation/native": "^5.8.0",
      "@react-navigation/stack": "^5.10.0",
      "@types/redux-mock-store": "^1.0.2",
      "amazon-cognito-identity-js": "^4.3.3",
      "appcenter": "3.1.0",
      "appcenter-analytics": "3.1.0",
      "appcenter-crashes": "3.1.0",
      "aws-amplify": "^3.3.2",
      "aws-amplify-react": "^4.2.6",
      "axios": "^0.20.0",
      "babel-traverse": "^6.26.0",
      "babylon": "^6.18.0",
      "eslint-plugin-sonarjs": "^0.5.0",
      "fetch-mock": "^9.10.3",
      "jail-monkey": "^2.3.2",
      "lodash": "^4.17.19",
      "luxon": "^1.24.1",
      "mock-async-storage": "^2.2.0",
      "moment": "^2.27.0",
      "moment-timezone": "^0.5.31",
      "pretty-quick": "^3.0.2",
      "react": "16.13.1",
      "react-excel-renderer": "^1.1.0",
      "react-native": "0.63.3",
      "react-native-appearance": "^0.3.4",
      "react-native-code-push": "^6.2.1",
      "react-native-dash": "^0.0.11",
      "react-native-datepicker": "^1.7.2",
      "react-native-device-info": "^5.6.2",
      "react-native-dropdownalert": "^4.3.0",
      "react-native-elements": "^2.0.4",
      "react-native-exit-app": "^1.1.0",
      "react-native-fingerprint-scanner": "^6.0.0",
      "react-native-fs": "^2.16.6",
      "react-native-geolocation-service": "^5.0.0",
      "react-native-gesture-handler": "^1.6.1",
      "react-native-gifted-chat": "^0.16.3",
      "react-native-icon-badge": "^1.1.3",
      "react-native-maps": "^0.27.1",
      "react-native-modal": "^11.5.6",
      "react-native-modal-datetime-picker": "^8.7.1",
      "react-native-navigation-actions": "^1.0.4",
      "react-native-offline": "^5.7.0",
      "react-native-pdf": "6.2.0",
      "react-native-reanimated": "^1.9.0",
      "react-native-responsive-screen": "^1.4.1",
      "react-native-safe-area-context": "^3.1.1",
      "react-native-screens": "^2.9.0",
      "react-native-secure-storage": "^0.1.2",
      "react-native-sensitive-info": "^5.5.5",
      "react-native-share": "^3.5.0",
      "react-native-snap-carousel": "^3.9.1",
      "react-native-ssl-pinning": "^1.4.8",
      "react-native-svg": "~12.1.0",
      "react-native-swiper": "^1.6.0",
      "react-native-table-component": "^1.2.1",
      "react-native-ultimate-config": "^3.2.4",
      "react-native-vector-icons": "^7.0.0",
      "react-native-view-pdf": "^0.11.0",
      "react-native-webview": "10.3.2",
      "react-redux": "^7.2.0",
      "reconnecting-websocket": "^4.4.0",
      "redux": "^4.0.5",
      "redux-logger": "^3.0.6",
      "redux-persist": "^6.0.0",
      "redux-persist-sensitive-storage": "^1.0.0",
      "redux-persist-transform-filter": "^0.0.20",
      "redux-saga": "^1.1.3",
      "rn-fetch-blob": "^0.12.0",
      "sonarqube-scanner": "^2.7.0",
      "toggle-switch-react-native": "^2.1.0",
      "yarn": "^1.22.4"
    },
    "devDependencies": {
      "@babel/core": "^7.10.4",
      "@babel/preset-typescript": "^7.10.4",
      "@babel/runtime": "^7.10.4",
      "@react-native-community/eslint-config": "^2.0.0",
      "@testing-library/jest-native": "^3.4.3",
      "@testing-library/react-native": "^7.0.2",
      "@types/jest": "^26.0.15",
      "@types/lodash": "^4.14.157",
      "@types/luxon": "^1.24.1",
      "@types/node": "^14.0.23",
      "@types/react": "^16.9.46",
      "@types/react-native": "^0.63.6",
      "@types/react-native-doc-viewer": "^2.7.1",
      "@types/react-native-share": "^3.3.0",
      "@types/react-native-snap-carousel": "^3.8.1",
      "@types/react-redux": "^7.1.9",
      "@types/react-test-renderer": "^16.9.2",
      "@types/redux-logger": "^3.0.8",
      "@types/ws": "^7.2.6",
      "@typescript-eslint/eslint-plugin": "^3.6.1",
      "@typescript-eslint/parser": "^3.6.1",
      "babel-jest": "^26.6.1",
      "babel-plugin-inline-import": "^3.0.0",
      "cross-env": "^7.0.2",
      "eslint": "^7.4.0",
      "eslint-config-prettier": "^6.11.0",
      "eslint-plugin-prettier": "^3.1.4",
      "eslint-plugin-react-hooks": "^4.1.2",
      "husky": "^4.3.0",
      "jest": "^26.6.1",
      "jest-coverage-badges": "^1.1.2",
      "jest-sonar-reporter": "^2.0.0",
      "jetifier": "^1.6.6",
      "metro": "^0.60.0",
      "metro-core": "^0.60.0",
      "metro-react-native-babel-preset": "^0.60.0",
      "metro-react-native-babel-transformer": "^0.60.0",
      "mockdate": "^3.0.2",
      "pod-install": "^0.1.12",
      "prettier": "^2.0.5",
      "react-native-dotenv": "^2.2.0",
      "react-native-svg-transformer": "^0.14.3",
      "react-native-typescript-transformer": "^1.2.13",
      "react-test-renderer": "16.13.1",
      "redux-mock-store": "^1.5.4",
      "ts-jest": "^26.4.2",
      "typescript": "^3.9.6"
    },
    "jestSonar": {
      "reportPath": "reports"
    }
  }

yarn manifest: 
  No manifest

Lockfile: 
  No lockfile
